2021-01-25 19:57:38 DEBUG NetworkServer:34 - Сервер был успешно запущен на порту 8189
2021-01-25 19:57:59 DEBUG NetworkServer:34 - Сервер был успешно запущен на порту 8189
2021-01-25 19:58:34 DEBUG NetworkServer:34 - Сервер был успешно запущен на порту 8189
2021-01-25 19:59:01 DEBUG NetworkServer:34 - Сервер был успешно запущен на порту 8189
2021-01-25 19:59:44 DEBUG Членс:34 - Сервер был успешно запущен на порту 8189
2021-01-25 20:00:55 DEBUG NetworkServer:34 - Сервер был успешно запущен на порту 8189
2021-01-25 20:00:55 INFO  NetworkServer:38 - Ожидание клиентского подключения...
2021-01-25 20:01:14 INFO  NetworkServer:34 - Сервер был успешно запущен на порту 8189
2021-01-25 20:01:14 INFO  NetworkServer:38 - Ожидание клиентского подключения...
2021-01-25 20:05:07 INFO  NetworkServer:34 - Сервер был успешно запущен на порту 8189
2021-01-25 20:05:07 INFO  NetworkServer:38 - Ожидание клиентского подключения...
2021-01-25 20:06:05 INFO  NetworkServer:41 - Ожидание клиентского подключения...
2021-01-25 20:06:05 INFO  NetworkServer:38 - Ожидание клиентского подключения...
2021-01-25 20:07:40 INFO  ClientHandler:45 - Соединение с клиентом Misha было закрыто!
2021-01-25 20:13:05 INFO  NetworkServer:34 - Сервер был успешно запущен на порту 8189
2021-01-25 20:13:05 INFO  BaseAuthService:25 - Сервис аутентификации запущен
2021-01-25 20:13:05 INFO  NetworkServer:38 - Ожидание клиентского подключения...
2021-01-25 20:13:14 INFO  NetworkServer:41 - Ожидание клиентского подключения...
2021-01-25 20:13:14 INFO  NetworkServer:38 - Ожидание клиентского подключения...
2021-01-25 20:13:22 DEBUG ClientHandler:149 - Misha зашел в чат!
2021-01-26 00:09:49 INFO  NetworkServer:34 - Сервер был успешно запущен на порту 8189
2021-01-26 00:09:49 INFO  BaseAuthService:25 - Сервис аутентификации запущен
2021-01-26 00:09:49 INFO  NetworkServer:38 - Ожидание клиентского подключения...
